<?xml version="1.0" encoding="UTF-8"?>
<!-- Generated by org.testng.reporters.JUnitXMLReporter -->
<testsuite ignored="0" hostname="BHIDH6Q5M2" failures="1" tests="3" name="Command line test" time="0.062" errors="0" timestamp="2021-04-09T11:55:33 IST">
  <testcase classname="TestClass1" name="test1" time="0.02"/>
  <testcase classname="TestClass1" name="test2" time="0.001"/>
  <testcase classname="TestClass1" name="test3" time="0.001">
    <failure type="java.lang.AssertionError" message="did not expect to find [true] but found [false]">
      <![CDATA[java.lang.AssertionError: did not expect to find [true] but found [false]
at TestClass1.test3(TestClass1.java:15)
at java.base/java.util.ArrayList.forEach(ArrayList.java:1540)
... Removed 40 stack frames]]>
    </failure>
  </testcase> <!-- test3 -->
</testsuite> <!-- Command line test -->
