<?xml version="1.0" encoding="UTF-8" ?>
<testsuite tests="3" failures="1" name="TestClass1" time="0.026" errors="0" skipped="0">
  <properties>
[...]
</properties>
  <testcase classname="TestClass1" name="test1" time="0.021"/>
  <testcase classname="TestClass1" name="test2" time="0"/>
  <testcase classname="TestClass1" name="test3" time="0.005">
    <failure message="did not expect to find [true] but found [false]" type="java.lang.AssertionError">java.lang.AssertionError: did not expect to find [true] but found [false]
	at org.testng.Assert.fail(Assert.java:97)
	at org.testng.Assert.failNotEquals(Assert.java:969)
	at org.testng.Assert.assertTrue(Assert.java:43)
	at org.testng.Assert.assertTrue(Assert.java:53)
	at TestClass1.test3(TestClass1.java:15)
</failure>
  </testcase>
</testsuite>